#
# There is insufficient memory for the Java Runtime Environment to continue.
# Native memory allocation (mmap) failed to map 134217728 bytes for Failed to commit area from 0x0000000081e00000 to 0x0000000089e00000 of length 134217728.
# Possible reasons:
#   The system is out of physical RAM or swap space
#   The process is running with CompressedOops enabled, and the Java Heap may be blocking the growth of the native heap
# Possible solutions:
#   Reduce memory load on the system
#   Increase physical memory or swap space
#   Check if swap backing store is full
#   Decrease Java heap size (-Xmx/-Xms)
#   Decrease number of Java threads
#   Decrease Java thread stack sizes (-Xss)
#   Set larger code cache with -XX:ReservedCodeCacheSize=
# This output file may be truncated or incomplete.
#
#  Out of Memory Error (./src/hotspot/os/windows/os_windows.cpp:3301), pid=118868, tid=125940
#
# JRE version:  (11.0.11+9) (build )
# Java VM: OpenJDK 64-Bit Server VM (11.0.11+9-b60-7590822, mixed mode, sharing, tiered, compressed oops, g1 gc, windows-amd64)
# No core dump will be written. Minidumps are not enabled by default on client versions of Windows
#

---------------  S U M M A R Y ------------

Command Line: -Dorg.gradle.appname=gradlew org.gradle.wrapper.GradleWrapperMain -q -Ptarget-platform=android-x86 -Ptarget=C:\Users\anala\OneDrive\All\Documentos\GitHub\exercicios-2023\dart\lib\main.dart -Pbase-application-name=android.app.Application -Pdart-defines=Zmx1dHRlci5pbnNwZWN0b3Iuc3RydWN0dXJlZEVycm9ycz10cnVl,RkxVVFRFUl9XRUJfQVVUT19ERVRFQ1Q9dHJ1ZQ==,RkxVVFRFUl9XRUJfQ0FOVkFTS0lUX1VSTD1odHRwczovL3d3dy5nc3RhdGljLmNvbS9mbHV0dGVyLWNhbnZhc2tpdC9hNzk0Y2YyNjgxYzZjOWZlN2IyNjBlMGU4NGRlOTYyOThkYzljMThiLw== -Pdart-obfuscation=false -Ptrack-widget-creation=true -Ptree-shake-icons=false -Pfilesystem-scheme=org-dartlang-root assembleDebug

Host: Intel(R) Core(TM) i5-8265U CPU @ 1.60GHz, 8 cores, 7G,  Windows 10 , 64 bit Build 19041 (10.0.19041.3393)
Time: Sat Oct 14 16:59:56 2023 Hora oficial do Brasil elapsed time: 0.687786 seconds (0d 0h 0m 0s)

---------------  T H R E A D  ---------------

Current thread (0x000001fe7b24f000):  JavaThread "Unknown thread" [_thread_in_vm, id=125940, stack(0x00000043c0700000,0x00000043c0800000)]

Stack: [0x00000043c0700000,0x00000043c0800000]
Native frames: (J=compiled Java code, j=interpreted, Vv=VM code, C=native code)
V  [jvm.dll+0x5f214a]
V  [jvm.dll+0x726fb5]
V  [jvm.dll+0x7285cd]
V  [jvm.dll+0x728c83]
V  [jvm.dll+0x243278]
V  [jvm.dll+0x5ef544]
V  [jvm.dll+0x5e4495]
V  [jvm.dll+0x2fec5b]
V  [jvm.dll+0x2febca]
V  [jvm.dll+0x2feaa2]
V  [jvm.dll+0x303986]
V  [jvm.dll+0x34c3a3]
V  [jvm.dll+0x34caa6]
V  [jvm.dll+0x34c4a3]
V  [jvm.dll+0x2d9688]
V  [jvm.dll+0x2da837]
V  [jvm.dll+0x705ba7]
V  [jvm.dll+0x70739c]
V  [jvm.dll+0x3598f9]
V  [jvm.dll+0x6e931e]
V  [jvm.dll+0x3c1c43]
V  [jvm.dll+0x3c3e81]
C  [jli.dll+0x5373]
C  [ucrtbase.dll+0x21bb2]
C  [KERNEL32.DLL+0x17344]
C  [ntdll.dll+0x526b1]


---------------  P R O C E S S  ---------------

Threads class SMR info:
_java_thread_list=0x000001fe790534e0, length=0, elements={
}

Java Threads: ( => current thread )

Other Threads:
  0x000001fe7b265800 GCTaskThread "GC Thread#0" [stack: 0x00000043c0800000,0x00000043c0900000] [id=120028]
  0x000001fe7b296000 ConcurrentGCThread "G1 Main Marker" [stack: 0x00000043c0900000,0x00000043c0a00000] [id=123152]
  0x000001fe7b29e800 ConcurrentGCThread "G1 Conc#0" [stack: 0x00000043c0a00000,0x00000043c0b00000] [id=125408]

[error occurred during error reporting (printing all threads), id 0xc0000005, EXCEPTION_ACCESS_VIOLATION (0xc0000005) at pc=0x00007ffaca5a9c47]

VM state:not at safepoint (not fully initialized)

VM Mutex/Monitor currently owned by a thread:  ([mutex/lock_event])
[0x000001fe7b24bad0] Heap_lock - owner thread: 0x000001fe7b24f000

Heap address: 0x0000000081e00000, size: 2018 MB, Compressed Oops mode: Non-zero based: 0x0000000081e00000
Narrow klass base: 0x0000000000000000, Narrow klass shift: 0

GC Heap History (0 events):
No events

Deoptimization events (0 events):
No events

Classes redefined (0 events):
No events

Internal exceptions (0 events):
No events

Events (1 events):
Event: 0.607 Loaded shared library C:\Program Files\Android\Android Studio\jre\bin\zip.dll


Dynamic libraries:
0x00007ff7fb3a0000 - 0x00007ff7fb3aa000 	C:\Program Files\Android\Android Studio\jre\bin\java.exe
0x00007ffb1dc70000 - 0x00007ffb1de68000 	C:\windows\SYSTEM32\ntdll.dll
0x00007ffb1bdf0000 - 0x00007ffb1bead000 	C:\windows\System32\KERNEL32.DLL
0x00007ffb1b480000 - 0x00007ffb1b776000 	C:\windows\System32\KERNELBASE.dll
0x00007ffb1bab0000 - 0x00007ffb1bbb0000 	C:\windows\System32\ucrtbase.dll
0x00007ffb13a80000 - 0x00007ffb13a99000 	C:\Program Files\Android\Android Studio\jre\bin\jli.dll
0x00007ffb138e0000 - 0x00007ffb138f7000 	C:\Program Files\Android\Android Studio\jre\bin\VCRUNTIME140.dll
0x00007ffb03520000 - 0x00007ffb037ba000 	C:\windows\WinSxS\amd64_microsoft.windows.common-controls_6595b64144ccf1df_6.0.19041.1110_none_60b5254171f9507e\COMCTL32.dll
0x00007ffb1c0c0000 - 0x00007ffb1c25e000 	C:\windows\System32\USER32.dll
0x00007ffb1db90000 - 0x00007ffb1dc2e000 	C:\windows\System32\msvcrt.dll
0x00007ffb1beb0000 - 0x00007ffb1bedc000 	C:\windows\System32\GDI32.dll
0x00007ffb1b400000 - 0x00007ffb1b422000 	C:\windows\System32\win32u.dll
0x00007ffb1bbb0000 - 0x00007ffb1bcca000 	C:\windows\System32\gdi32full.dll
0x00007ffb1ba10000 - 0x00007ffb1baad000 	C:\windows\System32\msvcp_win.dll
0x00007ffb1c090000 - 0x00007ffb1c0c0000 	C:\windows\System32\IMM32.DLL
0x00007ffaeb690000 - 0x00007ffaeb72d000 	C:\Program Files\Android\Android Studio\jre\bin\msvcp140.dll
0x00007ffaca2c0000 - 0x00007ffacad95000 	C:\Program Files\Android\Android Studio\jre\bin\server\jvm.dll
0x00007ffb1bee0000 - 0x00007ffb1bf8e000 	C:\windows\System32\ADVAPI32.dll
0x00007ffb1bf90000 - 0x00007ffb1c02c000 	C:\windows\System32\sechost.dll
0x00007ffb1c7e0000 - 0x00007ffb1c906000 	C:\windows\System32\RPCRT4.dll
0x00007ffb1c550000 - 0x00007ffb1c558000 	C:\windows\System32\PSAPI.DLL
0x00007ffafecb0000 - 0x00007ffafecb9000 	C:\windows\SYSTEM32\WSOCK32.dll
0x00007ffb1c910000 - 0x00007ffb1c97b000 	C:\windows\System32\WS2_32.dll
0x00007ffb13d50000 - 0x00007ffb13d5a000 	C:\windows\SYSTEM32\VERSION.dll
0x00007ffaff580000 - 0x00007ffaff5a7000 	C:\windows\SYSTEM32\WINMM.dll
0x00007ffb19b70000 - 0x00007ffb19b82000 	C:\windows\SYSTEM32\kernel.appcore.dll
0x00007ffb13ac0000 - 0x00007ffb13ad1000 	C:\Program Files\Android\Android Studio\jre\bin\verify.dll
0x00007ffb18f90000 - 0x00007ffb19174000 	C:\windows\SYSTEM32\DBGHELP.DLL
0x00007ffaffc20000 - 0x00007ffaffc54000 	C:\windows\SYSTEM32\dbgcore.DLL
0x00007ffb1b7b0000 - 0x00007ffb1b832000 	C:\windows\System32\bcryptPrimitives.dll
0x00007ffb139c0000 - 0x00007ffb139e9000 	C:\Program Files\Android\Android Studio\jre\bin\java.dll
0x00007ffb16e00000 - 0x00007ffb16e0b000 	C:\Program Files\Android\Android Studio\jre\bin\jimage.dll
0x00007ffb13aa0000 - 0x00007ffb13ab8000 	C:\Program Files\Android\Android Studio\jre\bin\zip.dll

dbghelp: loaded successfully - version: 4.0.5 - missing functions: none
symbol engine: initialized successfully - sym options: 0x614 - pdb path: .;C:\Program Files\Android\Android Studio\jre\bin;C:\windows\SYSTEM32;C:\windows\WinSxS\amd64_microsoft.windows.common-controls_6595b64144ccf1df_6.0.19041.1110_none_60b5254171f9507e;C:\Program Files\Android\Android Studio\jre\bin\server

VM Arguments:
jvm_args: -Dorg.gradle.appname=gradlew 
java_command: org.gradle.wrapper.GradleWrapperMain -q -Ptarget-platform=android-x86 -Ptarget=C:\Users\anala\OneDrive\All\Documentos\GitHub\exercicios-2023\dart\lib\main.dart -Pbase-application-name=android.app.Application -Pdart-defines=Zmx1dHRlci5pbnNwZWN0b3Iuc3RydWN0dXJlZEVycm9ycz10cnVl,RkxVVFRFUl9XRUJfQVVUT19ERVRFQ1Q9dHJ1ZQ==,RkxVVFRFUl9XRUJfQ0FOVkFTS0lUX1VSTD1odHRwczovL3d3dy5nc3RhdGljLmNvbS9mbHV0dGVyLWNhbnZhc2tpdC9hNzk0Y2YyNjgxYzZjOWZlN2IyNjBlMGU4NGRlOTYyOThkYzljMThiLw== -Pdart-obfuscation=false -Ptrack-widget-creation=true -Ptree-shake-icons=false -Pfilesystem-scheme=org-dartlang-root assembleDebug
java_class_path (initial): C:\Users\anala\OneDrive\All\Documentos\GitHub\exercicios-2023\dart\android\\gradle\wrapper\gradle-wrapper.jar
Launcher Type: SUN_STANDARD

[Global flags]
     intx CICompilerCount                          = 4                                         {product} {ergonomic}
     uint ConcGCThreads                            = 2                                         {product} {ergonomic}
     uint G1ConcRefinementThreads                  = 8                                         {product} {ergonomic}
   size_t G1HeapRegionSize                         = 1048576                                   {product} {ergonomic}
    uintx GCDrainStackTargetSize                   = 64                                        {product} {ergonomic}
   size_t InitialHeapSize                          = 134217728                                 {product} {ergonomic}
   size_t MarkStackSize                            = 4194304                                   {product} {ergonomic}
   size_t MaxHeapSize                              = 2116026368                                {product} {ergonomic}
   size_t MinHeapDeltaBytes                        = 1048576                                   {product} {ergonomic}
    uintx NonNMethodCodeHeapSize                   = 5836300                                {pd product} {ergonomic}
    uintx NonProfiledCodeHeapSize                  = 122910970                              {pd product} {ergonomic}
    uintx ProfiledCodeHeapSize                     = 122910970                              {pd product} {ergonomic}
    uintx ReservedCodeCacheSize                    = 251658240                              {pd product} {ergonomic}
     bool SegmentedCodeCache                       = true                                      {product} {ergonomic}
     bool UseCompressedClassPointers               = true                                 {lp64_product} {ergonomic}
     bool UseCompressedOops                        = true                                 {lp64_product} {ergonomic}
     bool UseG1GC                                  = true                                      {product} {ergonomic}
     bool UseLargePagesIndividualAllocation        = false                                  {pd product} {ergonomic}

Logging:
Log output configuration:
 #0: stdout all=warning uptime,level,tags
 #1: stderr all=off uptime,level,tags

Environment Variables:
JAVA_HOME=C:\Program Files\Android\Android Studio\jre
CLASSPATH=C:\Users\anala\OneDrive\All\Documentos\GitHub\exercicios-2023\dart\android\\gradle\wrapper\gradle-wrapper.jar
PATH=C:\Program Files\Android\Android Studio\jre\bin;C:\Program Files\Google\Chrome\Application;C:\Program Files\Common Files\Oracle\Java\javapath;C:\windows\system32;C:\windows;C:\windows\System32\Wbem;C:\windows\System32\WindowsPowerShell\v1.0\;C:\windows\System32\OpenSSH\;C:\Program Files\Microsoft SQL Server\120\Tools\Binn\;C:\Program Files\nodejs\;C:\Users\anala\AppData\Local\Programs\Python\Python311\Scripts\;C:\Users\anala\AppData\Local\Programs\Python\Python311\;C:\Users\anala\AppData\Local\Microsoft\WindowsApps;C:\Users\anala\AppData\Local\Programs\Microsoft VS Code\bin;C:\Users\anala\AppData\Roaming\npm;C:\Users\anala\OneDrive\All\Documentos\flutter\bin;;C:\Users\anala\Downloads\flutter\bin\mingit\cmd
USERNAME=anala
OS=Windows_NT
PROCESSOR_IDENTIFIER=Intel64 Family 6 Model 142 Stepping 12, GenuineIntel



---------------  S Y S T E M  ---------------

OS: Windows 10 , 64 bit Build 19041 (10.0.19041.3393)
OS uptime: 27 days 3:28 hours

CPU:total 8 (initial active 8) (4 cores per cpu, 2 threads per core) family 6 model 142 stepping 12 microcode 0xde, cmov, cx8, fxsr, mmx, sse, sse2, sse3, ssse3, sse4.1, sse4.2, popcnt, avx, avx2, aes, clmul, erms, 3dnowpref, lzcnt, ht, tsc, tscinvbit, bmi1, bmi2, adx, fma

Memory: 4k page, system-wide physical 8070M (7M free)
TotalPageFile size 32646M (AvailPageFile size 0M)
current process WorkingSet (physical memory assigned to process): 9M, peak: 9M
current process commit charge ("private bytes"): 60M, peak: 187M

vm_info: OpenJDK 64-Bit Server VM (11.0.11+9-b60-7590822) for windows-amd64 JRE (11.0.11+9-b60-7590822), built on Jul 29 2021 21:43:44 by "builder" with MS VC++ 14.0 (VS2015)

END.
